# JRE version: Java(TM) SE Runtime Environment (21.0.4+8) (build 21.0.4+8-LTS-274)
# Java VM: Java HotSpot(TM) 64-Bit Server VM (21.0.4+8-LTS-274, mixed mode, sharing, tiered, compressed oops, compressed class ptrs, g1 gc, windows-amd64)
GC Precious Log:
 CardTable entry size: 512
 Card Set container configuration: InlinePtr #cards 4 size 8 Array Of Cards #cards 16 size 48 Howl #buckets 8 coarsen threshold 3686 Howl Bitmap #cards 512 size 80 coarsen threshold 460 Card regions per heap region 1 cards per card region 4096
 CPUs: 8 total, 8 available
 Memory: 16167M
 Large Page Support: Disabled
 NUMA Support: Disabled
 Compressed Oops: Enabled (Zero based)
 Heap Region Size: 2M
 Heap Min Capacity: 8M
 Heap Initial Capacity: 254M
 Heap Max Capacity: 4042M
 Pre-touch: Disabled
 Parallel Workers: 8
 Concurrent Workers: 2
 Concurrent Refinement Workers: 8
 Periodic GC: Disabled
Heap:
 garbage-first heap   total 133120K, used 110185K [0x0000000703600000, 0x0000000800000000)
  region size 2048K, 36 young (73728K), 3 survivors (6144K)
 Metaspace       used 85678K, committed 86464K, reserved 1179648K
  class space    used 11651K, committed 12032K, reserved 1048576K
GC Heap History (20 events):
Event: 8.238 GC heap before
{Heap before GC invocations=13 (full 0):
 garbage-first heap   total 69632K, used 58876K [0x0000000703600000, 0x0000000800000000)
  region size 2048K, 15 young (30720K), 1 survivors (2048K)
 Metaspace       used 65058K, committed 65728K, reserved 1114112K
  class space    used 8674K, committed 8960K, reserved 1048576K
}
Event: 8.240 GC heap after
{Heap after GC invocations=14 (full 0):
 garbage-first heap   total 69632K, used 30974K [0x0000000703600000, 0x0000000800000000)
  region size 2048K, 2 young (4096K), 2 survivors (4096K)
 Metaspace       used 65058K, committed 65728K, reserved 1114112K
  class space    used 8674K, committed 8960K, reserved 1048576K
}
Event: 9.046 GC heap before
{Heap before GC invocations=14 (full 0):
 garbage-first heap   total 69632K, used 55550K [0x0000000703600000, 0x0000000800000000)
  region size 2048K, 15 young (30720K), 2 survivors (4096K)
 Metaspace       used 69370K, committed 70080K, reserved 1114112K
  class space    used 9222K, committed 9536K, reserved 1048576K
}
Event: 9.053 GC heap after
{Heap after GC invocations=15 (full 0):
 garbage-first heap   total 69632K, used 32805K [0x0000000703600000, 0x0000000800000000)
  region size 2048K, 2 young (4096K), 2 survivors (4096K)
 Metaspace       used 69370K, committed 70080K, reserved 1114112K
  class space    used 9222K, committed 9536K, reserved 1048576K
}
Event: 9.878 GC heap before
{Heap before GC invocations=15 (full 0):
 garbage-first heap   total 69632K, used 57381K [0x0000000703600000, 0x0000000800000000)
  region size 2048K, 14 young (28672K), 2 survivors (4096K)
 Metaspace       used 72610K, committed 73344K, reserved 1114112K
  class space    used 9698K, committed 10048K, reserved 1048576K
}
Event: 9.882 GC heap after
{Heap after GC invocations=16 (full 0):
 garbage-first heap   total 69632K, used 35054K [0x0000000703600000, 0x0000000800000000)
  region size 2048K, 2 young (4096K), 2 survivors (4096K)
 Metaspace       used 72610K, committed 73344K, reserved 1114112K
  class space    used 9698K, committed 10048K, reserved 1048576K
}
Event: 10.261 GC heap before
{Heap before GC invocations=16 (full 0):
 garbage-first heap   total 69632K, used 57582K [0x0000000703600000, 0x0000000800000000)
  region size 2048K, 13 young (26624K), 2 survivors (4096K)
 Metaspace       used 75329K, committed 76096K, reserved 1179648K
  class space    used 10008K, committed 10368K, reserved 1048576K
}
Event: 10.266 GC heap after
{Heap after GC invocations=17 (full 0):
 garbage-first heap   total 69632K, used 38833K [0x0000000703600000, 0x0000000800000000)
  region size 2048K, 2 young (4096K), 2 survivors (4096K)
 Metaspace       used 75329K, committed 76096K, reserved 1179648K
  class space    used 10008K, committed 10368K, reserved 1048576K
}
Event: 10.639 GC heap before
{Heap before GC invocations=18 (full 0):
 garbage-first heap   total 69632K, used 57265K [0x0000000703600000, 0x0000000800000000)
  region size 2048K, 12 young (24576K), 2 survivors (4096K)
 Metaspace       used 79032K, committed 79808K, reserved 1179648K
  class space    used 10654K, committed 11008K, reserved 1048576K
}
Event: 10.643 GC heap after
{Heap after GC invocations=19 (full 0):
 garbage-first heap   total 69632K, used 40677K [0x0000000703600000, 0x0000000800000000)
  region size 2048K, 1 young (2048K), 1 survivors (2048K)
 Metaspace       used 79032K, committed 79808K, reserved 1179648K
  class space    used 10654K, committed 11008K, reserved 1048576K
}
Event: 10.778 GC heap before
{Heap before GC invocations=19 (full 0):
 garbage-first heap   total 69632K, used 59109K [0x0000000703600000, 0x0000000800000000)
  region size 2048K, 10 young (20480K), 1 survivors (2048K)
 Metaspace       used 79544K, committed 80320K, reserved 1179648K
  class space    used 10721K, committed 11072K, reserved 1048576K
}
Event: 10.781 GC heap after
{Heap after GC invocations=20 (full 0):
 garbage-first heap   total 69632K, used 41397K [0x0000000703600000, 0x0000000800000000)
  region size 2048K, 2 young (4096K), 2 survivors (4096K)
 Metaspace       used 79544K, committed 80320K, reserved 1179648K
  class space    used 10721K, committed 11072K, reserved 1048576K
}
Event: 10.944 GC heap before
{Heap before GC invocations=20 (full 0):
 garbage-first heap   total 69632K, used 53685K [0x0000000703600000, 0x0000000800000000)
  region size 2048K, 9 young (18432K), 2 survivors (4096K)
 Metaspace       used 81335K, committed 82112K, reserved 1179648K
  class space    used 11097K, committed 11456K, reserved 1048576K
}
Event: 10.946 GC heap after
{Heap after GC invocations=21 (full 0):
 garbage-first heap   total 69632K, used 42593K [0x0000000703600000, 0x0000000800000000)
  region size 2048K, 2 young (4096K), 2 survivors (4096K)
 Metaspace       used 81335K, committed 82112K, reserved 1179648K
  class space    used 11097K, committed 11456K, reserved 1048576K
}
Event: 12.040 GC heap before
{Heap before GC invocations=22 (full 0):
 garbage-first heap   total 86016K, used 56929K [0x0000000703600000, 0x0000000800000000)
  region size 2048K, 9 young (18432K), 2 survivors (4096K)
 Metaspace       used 81327K, committed 82112K, reserved 1179648K
  class space    used 11095K, committed 11456K, reserved 1048576K
}
Event: 12.043 GC heap after
{Heap after GC invocations=23 (full 0):
 garbage-first heap   total 86016K, used 42690K [0x0000000703600000, 0x0000000800000000)
  region size 2048K, 2 young (4096K), 2 survivors (4096K)
 Metaspace       used 81327K, committed 82112K, reserved 1179648K
  class space    used 11095K, committed 11456K, reserved 1048576K
}
Event: 12.206 GC heap before
{Heap before GC invocations=23 (full 0):
 garbage-first heap   total 86016K, used 71362K [0x0000000703600000, 0x0000000800000000)
  region size 2048K, 17 young (34816K), 2 survivors (4096K)
 Metaspace       used 82796K, committed 83584K, reserved 1179648K
  class space    used 11309K, committed 11648K, reserved 1048576K
}
Event: 12.210 GC heap after
{Heap after GC invocations=24 (full 0):
 garbage-first heap   total 133120K, used 44087K [0x0000000703600000, 0x0000000800000000)
  region size 2048K, 3 young (6144K), 3 survivors (6144K)
 Metaspace       used 82796K, committed 83584K, reserved 1179648K
  class space    used 11309K, committed 11648K, reserved 1048576K
}
Event: 12.335 GC heap before
{Heap before GC invocations=24 (full 0):
 garbage-first heap   total 133120K, used 115767K [0x0000000703600000, 0x0000000800000000)
  region size 2048K, 38 young (77824K), 3 survivors (6144K)
 Metaspace       used 82819K, committed 83584K, reserved 1179648K
  class space    used 11309K, committed 11648K, reserved 1048576K
}
Event: 12.338 GC heap after
{Heap after GC invocations=25 (full 0):
 garbage-first heap   total 133120K, used 44649K [0x0000000703600000, 0x0000000800000000)
  region size 2048K, 3 young (6144K), 3 survivors (6144K)
 Metaspace       used 82819K, committed 83584K, reserved 1179648K
  class space    used 11309K, committed 11648K, reserved 1048576K
}

