# JRE version: Java(TM) SE Runtime Environment (21.0.4+8) (build 21.0.4+8-LTS-274)
# Java VM: Java HotSpot(TM) 64-Bit Server VM (21.0.4+8-LTS-274, mixed mode, sharing, tiered, compressed oops, compressed class ptrs, g1 gc, windows-amd64)
GC Precious Log:
 CardTable entry size: 512
 Card Set container configuration: InlinePtr #cards 4 size 8 Array Of Cards #cards 16 size 48 Howl #buckets 8 coarsen threshold 3686 Howl Bitmap #cards 512 size 80 coarsen threshold 460 Card regions per heap region 1 cards per card region 4096
 CPUs: 8 total, 8 available
 Memory: 16167M
 Large Page Support: Disabled
 NUMA Support: Disabled
 Compressed Oops: Enabled (Zero based)
 Heap Region Size: 2M
 Heap Min Capacity: 8M
 Heap Initial Capacity: 254M
 Heap Max Capacity: 4042M
 Pre-touch: Disabled
 Parallel Workers: 8
 Concurrent Workers: 2
 Concurrent Refinement Workers: 8
 Periodic GC: Disabled
Heap:
 garbage-first heap   total 114688K, used 65633K [0x0000000703600000, 0x0000000800000000)
  region size 2048K, 11 young (22528K), 1 survivors (2048K)
 Metaspace       used 102863K, committed 104192K, reserved 1179648K
  class space    used 13463K, committed 14080K, reserved 1048576K
GC Heap History (20 events):
Event: 2739.882 GC heap before
{Heap before GC invocations=41 (full 0):
 garbage-first heap   total 114688K, used 99399K [0x0000000703600000, 0x0000000800000000)
  region size 2048K, 24 young (49152K), 2 survivors (4096K)
 Metaspace       used 102813K, committed 103872K, reserved 1179648K
  class space    used 13589K, committed 14080K, reserved 1048576K
}
Event: 2739.888 GC heap after
{Heap after GC invocations=42 (full 0):
 garbage-first heap   total 114688K, used 54294K [0x0000000703600000, 0x0000000800000000)
  region size 2048K, 2 young (4096K), 2 survivors (4096K)
 Metaspace       used 102813K, committed 103872K, reserved 1179648K
  class space    used 13589K, committed 14080K, reserved 1048576K
}
Event: 3203.164 GC heap before
{Heap before GC invocations=43 (full 0):
 garbage-first heap   total 114688K, used 99350K [0x0000000703600000, 0x0000000800000000)
  region size 2048K, 24 young (49152K), 2 survivors (4096K)
 Metaspace       used 102826K, committed 103872K, reserved 1179648K
  class space    used 13589K, committed 14080K, reserved 1048576K
}
Event: 3203.167 GC heap after
{Heap after GC invocations=44 (full 0):
 garbage-first heap   total 114688K, used 54185K [0x0000000703600000, 0x0000000800000000)
  region size 2048K, 1 young (2048K), 1 survivors (2048K)
 Metaspace       used 102826K, committed 103872K, reserved 1179648K
  class space    used 13589K, committed 14080K, reserved 1048576K
}
Event: 3651.079 GC heap before
{Heap before GC invocations=44 (full 0):
 garbage-first heap   total 114688K, used 103337K [0x0000000703600000, 0x0000000800000000)
  region size 2048K, 25 young (51200K), 1 survivors (2048K)
 Metaspace       used 102975K, committed 104000K, reserved 1179648K
  class space    used 13590K, committed 14080K, reserved 1048576K
}
Event: 3651.091 GC heap after
{Heap after GC invocations=45 (full 0):
 garbage-first heap   total 114688K, used 53447K [0x0000000703600000, 0x0000000800000000)
  region size 2048K, 2 young (4096K), 2 survivors (4096K)
 Metaspace       used 102975K, committed 104000K, reserved 1179648K
  class space    used 13590K, committed 14080K, reserved 1048576K
}
Event: 7311.149 GC heap before
{Heap before GC invocations=45 (full 0):
 garbage-first heap   total 114688K, used 98503K [0x0000000703600000, 0x0000000800000000)
  region size 2048K, 24 young (49152K), 2 survivors (4096K)
 Metaspace       used 103198K, committed 104192K, reserved 1179648K
  class space    used 13595K, committed 14080K, reserved 1048576K
}
Event: 7311.156 GC heap after
{Heap after GC invocations=46 (full 0):
 garbage-first heap   total 114688K, used 53155K [0x0000000703600000, 0x0000000800000000)
  region size 2048K, 1 young (2048K), 1 survivors (2048K)
 Metaspace       used 103198K, committed 104192K, reserved 1179648K
  class space    used 13595K, committed 14080K, reserved 1048576K
}
Event: 7763.342 GC heap before
{Heap before GC invocations=47 (full 0):
 garbage-first heap   total 114688K, used 100259K [0x0000000703600000, 0x0000000800000000)
  region size 2048K, 25 young (51200K), 1 survivors (2048K)
 Metaspace       used 102782K, committed 104192K, reserved 1179648K
  class space    used 13458K, committed 14080K, reserved 1048576K
}
Event: 7763.352 GC heap after
{Heap after GC invocations=48 (full 0):
 garbage-first heap   total 114688K, used 53093K [0x0000000703600000, 0x0000000800000000)
  region size 2048K, 1 young (2048K), 1 survivors (2048K)
 Metaspace       used 102782K, committed 104192K, reserved 1179648K
  class space    used 13458K, committed 14080K, reserved 1048576K
}
Event: 8279.249 GC heap before
{Heap before GC invocations=48 (full 0):
 garbage-first heap   total 114688K, used 102245K [0x0000000703600000, 0x0000000800000000)
  region size 2048K, 25 young (51200K), 1 survivors (2048K)
 Metaspace       used 102789K, committed 104192K, reserved 1179648K
  class space    used 13458K, committed 14080K, reserved 1048576K
}
Event: 8279.273 GC heap after
{Heap after GC invocations=49 (full 0):
 garbage-first heap   total 114688K, used 48992K [0x0000000703600000, 0x0000000800000000)
  region size 2048K, 1 young (2048K), 1 survivors (2048K)
 Metaspace       used 102789K, committed 104192K, reserved 1179648K
  class space    used 13458K, committed 14080K, reserved 1048576K
}
Event: 8853.561 GC heap before
{Heap before GC invocations=49 (full 0):
 garbage-first heap   total 114688K, used 104288K [0x0000000703600000, 0x0000000800000000)
  region size 2048K, 28 young (57344K), 1 survivors (2048K)
 Metaspace       used 102809K, committed 104192K, reserved 1179648K
  class space    used 13458K, committed 14080K, reserved 1048576K
}
Event: 8853.568 GC heap after
{Heap after GC invocations=50 (full 0):
 garbage-first heap   total 114688K, used 48337K [0x0000000703600000, 0x0000000800000000)
  region size 2048K, 1 young (2048K), 1 survivors (2048K)
 Metaspace       used 102809K, committed 104192K, reserved 1179648K
  class space    used 13458K, committed 14080K, reserved 1048576K
}
Event: 9422.170 GC heap before
{Heap before GC invocations=50 (full 0):
 garbage-first heap   total 114688K, used 101585K [0x0000000703600000, 0x0000000800000000)
  region size 2048K, 28 young (57344K), 1 survivors (2048K)
 Metaspace       used 102822K, committed 104192K, reserved 1179648K
  class space    used 13459K, committed 14080K, reserved 1048576K
}
Event: 9422.177 GC heap after
{Heap after GC invocations=51 (full 0):
 garbage-first heap   total 114688K, used 48376K [0x0000000703600000, 0x0000000800000000)
  region size 2048K, 1 young (2048K), 1 survivors (2048K)
 Metaspace       used 102822K, committed 104192K, reserved 1179648K
  class space    used 13459K, committed 14080K, reserved 1048576K
}
Event: 9997.047 GC heap before
{Heap before GC invocations=52 (full 0):
 garbage-first heap   total 114688K, used 103672K [0x0000000703600000, 0x0000000800000000)
  region size 2048K, 28 young (57344K), 1 survivors (2048K)
 Metaspace       used 102832K, committed 104192K, reserved 1179648K
  class space    used 13459K, committed 14080K, reserved 1048576K
}
Event: 9997.050 GC heap after
{Heap after GC invocations=53 (full 0):
 garbage-first heap   total 114688K, used 48353K [0x0000000703600000, 0x0000000800000000)
  region size 2048K, 1 young (2048K), 1 survivors (2048K)
 Metaspace       used 102832K, committed 104192K, reserved 1179648K
  class space    used 13459K, committed 14080K, reserved 1048576K
}
Event: 10554.229 GC heap before
{Heap before GC invocations=53 (full 0):
 garbage-first heap   total 114688K, used 103649K [0x0000000703600000, 0x0000000800000000)
  region size 2048K, 28 young (57344K), 1 survivors (2048K)
 Metaspace       used 102849K, committed 104192K, reserved 1179648K
  class space    used 13459K, committed 14080K, reserved 1048576K
}
Event: 10554.246 GC heap after
{Heap after GC invocations=54 (full 0):
 garbage-first heap   total 114688K, used 47201K [0x0000000703600000, 0x0000000800000000)
  region size 2048K, 1 young (2048K), 1 survivors (2048K)
 Metaspace       used 102849K, committed 104192K, reserved 1179648K
  class space    used 13459K, committed 14080K, reserved 1048576K
}

